<?xml version="1.0" encoding="UTF-8"?>
<!-- Generated by org.testng.reporters.JUnitReportReporter -->
<testsuite hostname="yathishgowda-PC" failures="0" tests="1" name="restAPI.GetRequestWithParameters" time="5.955" errors="0" timestamp="03 Dec 2022 06:27:43 GMT" skipped="0">
  <testcase classname="restAPI.GetRequestWithParameters" name="test1" time="5.955"/>
</testsuite> <!-- restAPI.GetRequestWithParameters -->
