<?xml version="1.0" encoding="UTF-8"?>
<!-- Generated by org.testng.reporters.JUnitReportReporter -->
<testsuite hostname="yathishgowda-PC" failures="0" tests="1" name="restAPIxml.CreateRepo" time="4.840" errors="0" timestamp="10 Dec 2022 02:48:05 GMT" skipped="0">
  <testcase classname="restAPIxml.CreateRepo" name="test1" time="4.840"/>
</testsuite> <!-- restAPIxml.CreateRepo -->
