<?xml version="1.0" encoding="UTF-8"?>
<!-- Generated by org.testng.reporters.JUnitReportReporter -->
<testsuite hostname="yathishgowda-PC" failures="0" tests="1" name="restAPI.GetRequest" time="5.397" errors="0" timestamp="09 Dec 2022 18:23:27 GMT" skipped="0">
  <testcase classname="restAPI.GetRequest" name="test1" time="5.397"/>
</testsuite> <!-- restAPI.GetRequest -->
