<?xml version="1.0" encoding="UTF-8"?>
<!-- Generated by org.testng.reporters.JUnitReportReporter -->
<testsuite hostname="yathishgowda-PC" failures="0" tests="1" name="restAPIxml.DeletRequest" time="4.346" errors="0" timestamp="10 Dec 2022 02:27:42 GMT" skipped="0">
  <testcase classname="restAPIxml.DeletRequest" name="test1" time="4.346"/>
</testsuite> <!-- restAPIxml.DeletRequest -->
