<?xml version="1.0" encoding="UTF-8"?>
<!-- Generated by org.testng.reporters.JUnitReportReporter -->
<testsuite hostname="yathishgowda-PC" failures="0" tests="1" name="restAPI.DeleteRequest" time="2.916" errors="0" timestamp="09 Dec 2022 18:24:25 GMT" skipped="0">
  <testcase classname="restAPI.DeleteRequest" name="test1" time="2.916"/>
</testsuite> <!-- restAPI.DeleteRequest -->
