<?xml version="1.0" encoding="UTF-8"?>
<!-- Generated by org.testng.reporters.JUnitReportReporter -->
<testsuite hostname="yathishgowda-PC" failures="0" tests="1" name="restAPIxml.PostRequest" time="13.715" errors="0" timestamp="10 Dec 2022 02:02:43 GMT" skipped="0">
  <testcase classname="restAPIxml.PostRequest" name="test1" time="13.715"/>
</testsuite> <!-- restAPIxml.PostRequest -->
