<?xml version="1.0" encoding="UTF-8"?>
<!-- Generated by org.testng.reporters.JUnitReportReporter -->
<testsuite hostname="yathishgowda-PC" failures="0" tests="1" name="restAPIxml.GetRequest" time="6.189" errors="0" timestamp="10 Dec 2022 02:06:05 GMT" skipped="0">
  <testcase classname="restAPIxml.GetRequest" name="test3" time="6.189"/>
</testsuite> <!-- restAPIxml.GetRequest -->
