<?xml version="1.0" encoding="UTF-8"?>
<!-- Generated by org.testng.reporters.JUnitReportReporter -->
<testsuite hostname="yathishgowda-PC" failures="0" tests="1" name="restAPI.PatchRequest" time="3.482" errors="0" timestamp="09 Dec 2022 17:43:07 GMT" skipped="0">
  <testcase classname="restAPI.PatchRequest" name="test1" time="3.482"/>
</testsuite> <!-- restAPI.PatchRequest -->
