<?xml version="1.0" encoding="UTF-8"?>
<!-- Generated by org.testng.reporters.JUnitReportReporter -->
<testsuite hostname="yathishgowda-PC" failures="0" tests="1" name="restAPI.PutRequest" time="3.534" errors="0" timestamp="09 Dec 2022 17:40:43 GMT" skipped="0">
  <testcase classname="restAPI.PutRequest" name="test1" time="3.534"/>
</testsuite> <!-- restAPI.PutRequest -->
