<?xml version="1.0" encoding="UTF-8"?>
<!-- Generated by org.testng.reporters.JUnitReportReporter -->
<testsuite hostname="yathishgowda-PC" failures="0" tests="1" name="restAPI.PostRequestWithFile" time="3.134" errors="0" timestamp="09 Dec 2022 17:25:48 GMT" skipped="0">
  <testcase classname="restAPI.PostRequestWithFile" name="test1" time="3.134"/>
</testsuite> <!-- restAPI.PostRequestWithFile -->
