<?xml version="1.0" encoding="UTF-8"?>
<!-- Generated by org.testng.reporters.JUnitReportReporter -->
<testsuite hostname="yathishgowda-PC" failures="0" tests="1" name="restAPIxml.XMLexample" time="4.787" errors="0" timestamp="09 Dec 2022 18:30:06 GMT" skipped="0">
  <testcase classname="restAPIxml.XMLexample" name="Test1" time="4.787"/>
</testsuite> <!-- restAPIxml.XMLexample -->
